2019-12-11 18:06:55,979 - case - INFO - 测试开始啦！ - [logger.py:58]
2019-12-11 18:06:55,979 - case - ERROR - 测试报错 - [logger.py:59]
2019-12-11 18:06:55,980 - case - INFO - 测试结束啦！ - [logger.py:61]
2019-12-11 18:20:05,502 - case - INFO - 测试开始啦！ - [logger.py:58]
2019-12-11 18:20:05,503 - case - ERROR - 测试报错 - [logger.py:59]
2019-12-11 18:20:05,503 - case - INFO - 测试结束啦！ - [logger.py:61]
2019-12-11 18:20:31,282 - case - INFO - 测试开始啦！ - [logger.py:58]
2019-12-11 18:20:31,282 - case - ERROR - 测试报错 - [logger.py:59]
2019-12-11 18:20:31,282 - case - INFO - 测试结束啦！ - [logger.py:61]
2019-12-11 18:20:33,352 - test_login - INFO - 准备测试前置 - [test_login.py:48]
2019-12-11 18:20:33,354 - test_login - INFO - 开始测试:post请求正确用户名密码登录 - [test_login.py:55]
2019-12-11 18:20:33,665 - test_login - INFO - 结束测试:post请求正确用户名密码登录 - [test_login.py:66]
2019-12-11 18:20:33,666 - test_login - INFO - 开始测试:get请求正确用户名密码登录 - [test_login.py:55]
2019-12-11 18:20:33,892 - test_login - INFO - 结束测试:get请求正确用户名密码登录 - [test_login.py:66]
2019-12-11 18:20:33,893 - test_login - INFO - 开始测试:错误用户名，正确密码 - [test_login.py:55]
2019-12-11 18:20:34,147 - test_login - INFO - 结束测试:错误用户名，正确密码 - [test_login.py:66]
2019-12-11 18:20:34,148 - test_login - INFO - 开始测试:正确用户名，错误密码 - [test_login.py:55]
2019-12-11 18:20:34,422 - test_login - INFO - 结束测试:正确用户名，错误密码 - [test_login.py:66]
2019-12-11 18:20:34,422 - test_login - INFO - 开始测试:用户名为空 - [test_login.py:55]
2019-12-11 18:20:34,534 - test_login - INFO - 结束测试:用户名为空 - [test_login.py:66]
2019-12-11 18:20:34,535 - test_login - INFO - 开始测试:密码为空 - [test_login.py:55]
2019-12-11 18:20:34,647 - test_login - INFO - 结束测试:密码为空 - [test_login.py:66]
2019-12-11 18:20:34,648 - test_login - INFO - 测试后置处理 - [test_login.py:70]
2019-12-11 18:21:04,673 - test_login - INFO - 准备测试前置 - [test_login.py:48]
2019-12-11 18:21:04,675 - test_login - INFO - 开始测试:post请求正确用户名密码登录 - [test_login.py:55]
2019-12-11 18:21:04,940 - test_login - INFO - 结束测试:post请求正确用户名密码登录 - [test_login.py:66]
2019-12-11 18:21:04,941 - test_login - INFO - 开始测试:get请求正确用户名密码登录 - [test_login.py:55]
2019-12-11 18:21:05,173 - test_login - INFO - 结束测试:get请求正确用户名密码登录 - [test_login.py:66]
2019-12-11 18:21:05,174 - test_login - INFO - 开始测试:错误用户名，正确密码 - [test_login.py:55]
2019-12-11 18:21:05,411 - test_login - INFO - 结束测试:错误用户名，正确密码 - [test_login.py:66]
2019-12-11 18:21:05,411 - test_login - INFO - 开始测试:正确用户名，错误密码 - [test_login.py:55]
2019-12-11 18:21:05,658 - test_login - INFO - 结束测试:正确用户名，错误密码 - [test_login.py:66]
2019-12-11 18:21:05,659 - test_login - INFO - 开始测试:用户名为空 - [test_login.py:55]
2019-12-11 18:21:05,764 - test_login - INFO - 结束测试:用户名为空 - [test_login.py:66]
2019-12-11 18:21:05,765 - test_login - INFO - 开始测试:密码为空 - [test_login.py:55]
2019-12-11 18:21:05,868 - test_login - INFO - 结束测试:密码为空 - [test_login.py:66]
2019-12-11 18:21:05,869 - test_login - INFO - 测试后置处理 - [test_login.py:70]
2019-12-11 18:22:14,289 - login - INFO - 准备测试前置 - [test_login.py:48]
2019-12-11 18:22:14,291 - login - INFO - 开始测试:post请求正确用户名密码登录 - [test_login.py:55]
2019-12-11 18:22:14,538 - login - INFO - 结束测试:post请求正确用户名密码登录 - [test_login.py:66]
2019-12-11 18:22:14,539 - login - INFO - 开始测试:get请求正确用户名密码登录 - [test_login.py:55]
2019-12-11 18:22:14,773 - login - INFO - 结束测试:get请求正确用户名密码登录 - [test_login.py:66]
2019-12-11 18:22:14,775 - login - INFO - 开始测试:错误用户名，正确密码 - [test_login.py:55]
2019-12-11 18:22:15,004 - login - INFO - 结束测试:错误用户名，正确密码 - [test_login.py:66]
2019-12-11 18:22:15,005 - login - INFO - 开始测试:正确用户名，错误密码 - [test_login.py:55]
2019-12-11 18:22:15,244 - login - INFO - 结束测试:正确用户名，错误密码 - [test_login.py:66]
2019-12-11 18:22:15,245 - login - INFO - 开始测试:用户名为空 - [test_login.py:55]
2019-12-11 18:22:15,367 - login - INFO - 结束测试:用户名为空 - [test_login.py:66]
2019-12-11 18:22:15,369 - login - INFO - 开始测试:密码为空 - [test_login.py:55]
2019-12-11 18:22:15,487 - login - INFO - 结束测试:密码为空 - [test_login.py:66]
2019-12-11 18:22:15,488 - login - INFO - 测试后置处理 - [test_login.py:70]
